<?xml version="1.0" encoding="UTF-8"?>
<testsuite xmlns:xsi="http://www.w3.org/2001/XMLSchema-instance" xsi:noNamespaceSchemaLocation="https://maven.apache.org/surefire/maven-surefire-plugin/xsd/surefire-test-report-3.0.xsd" version="3.0" name="TestSuite" time="0.525" tests="6" errors="0" skipped="0" failures="0">
  <properties>
[...]
</properties>
  <testcase name="BrowserAutomation" classname="SeleniumTest" time="0.004"/>
  <testcase name="elementsUI" classname="SeleniumTest" time="0.001"/>
  <testcase name="deleteTwitter" classname="RESTAPITest" time="0"/>
  <testcase name="postJira" classname="RESTAPITest" time="0"/>
  <testcase name="IOSApp" classname="AppiumTest" time="0"/>
  <testcase name="NativeAppAndroid" classname="AppiumTest" time="0.001"/>
</testsuite>