<?xml version="1.0" encoding="UTF-8"?>
<!-- Generated by org.testng.reporters.JUnitXMLReporter -->
<testsuite ignored="0" hostname="Firuzs-MacBook-Pro.local" failures="0" tests="6" name="/Users/firuz/Downloads/MavenJava" time="0.032" errors="0" timestamp="07 Jun 2020 04:18:34 GMT">
  <testcase classname="SeleniumTest" name="BrowserAutomation" time="0.005"/>
  <testcase classname="SeleniumTest" name="elementsUI" time="0.0"/>
  <testcase classname="RESTAPITest" name="deleteTwitter" time="0.001"/>
  <testcase classname="RESTAPITest" name="postJira" time="0.0"/>
  <testcase classname="AppiumTest" name="IOSApp" time="0.001"/>
  <testcase classname="AppiumTest" name="NativeAppAndroid" time="0.0"/>
</testsuite> <!-- /Users/firuz/Downloads/MavenJava -->
